<?xml version="1.0" encoding="UTF-8" standalone="no"?><testsuite errors="1" failures="0" name="Purchase Flow in the E-Commerce Site" skipped="1" tests="2" time="17.2" timestamp="2025-02-14 02:26:58"><testcase name="User registers successfully"><error message="The following error occurred: Build info: version: '4.8.0', revision: '267030adea'&#10;System info: os.name: 'Windows 11', os.arch: 'amd64', os.version: '10.0', java.version: '1.8.0_362'&#10;Driver info: org.openqa.selenium.firefox.FirefoxDriver&#10;Command: [7c73a005-df1c-4009-b2f1-0b4524eaee5c, clickElement {id=0ea199aa-41fa-44c7-ac1e-bf8e962603d9}]&#10;Capabilities {acceptInsecureCerts: false, browserName: firefox, browserVersion: 135.0, moz:accessibilityChecks: false, moz:buildID: 20250130195129, moz:geckodriverVersion: 0.35.0, moz:headless: false, moz:platformVersion: 10.0, moz:processID: 11272, moz:profile: C:\Users\maria\AppData\Loca..., moz:shutdownTimeout: 60000, moz:webdriverClick: true, moz:windowless: false, pageLoadStrategy: normal, platformName: WINDOWS, proxy: Proxy(), setWindowRect: true, strictFileInteractability: false, timeouts: {implicit: 0, pageLoad: 300000, script: 30000}, unhandledPromptBehavior: dismiss and notify, userAgent: Mozilla/5.0 (Windows NT 10....}&#10;Element: [[FirefoxDriver: firefox on WINDOWS (7c73a005-df1c-4009-b2f1-0b4524eaee5c)] -&gt; xpath: //a[contains(text(),'Register')]]&#10;Session ID: 7c73a005-df1c-4009-b2f1-0b4524eaee5c" type="org.openqa.selenium.WebDriverException">The following error occurred: Build info: version: '4.8.0', revision: '267030adea'
System info: os.name: 'Windows 11', os.arch: 'amd64', os.version: '10.0', java.version: '1.8.0_362'
Driver info: org.openqa.selenium.firefox.FirefoxDriver
Command: [7c73a005-df1c-4009-b2f1-0b4524eaee5c, clickElement {id=0ea199aa-41fa-44c7-ac1e-bf8e962603d9}]
Capabilities {acceptInsecureCerts: false, browserName: firefox, browserVersion: 135.0, moz:accessibilityChecks: false, moz:buildID: 20250130195129, moz:geckodriverVersion: 0.35.0, moz:headless: false, moz:platformVersion: 10.0, moz:processID: 11272, moz:profile: C:\Users\maria\AppData\Loca..., moz:shutdownTimeout: 60000, moz:webdriverClick: true, moz:windowless: false, pageLoadStrategy: normal, platformName: WINDOWS, proxy: Proxy(), setWindowRect: true, strictFileInteractability: false, timeouts: {implicit: 0, pageLoad: 300000, script: 30000}, unhandledPromptBehavior: dismiss and notify, userAgent: Mozilla/5.0 (Windows NT 10....}
Element: [[FirefoxDriver: firefox on WINDOWS (7c73a005-df1c-4009-b2f1-0b4524eaee5c)] -&gt; xpath: //a[contains(text(),'Register')]]
Session ID: 7c73a005-df1c-4009-b2f1-0b4524eaee5c</error><system-err>The following error occurred: Build info: version: '4.8.0', revision: '267030adea'
System info: os.name: 'Windows 11', os.arch: 'amd64', os.version: '10.0', java.version: '1.8.0_362'
Driver info: org.openqa.selenium.firefox.FirefoxDriver
Command: [7c73a005-df1c-4009-b2f1-0b4524eaee5c, clickElement {id=0ea199aa-41fa-44c7-ac1e-bf8e962603d9}]
Capabilities {acceptInsecureCerts: false, browserName: firefox, browserVersion: 135.0, moz:accessibilityChecks: false, moz:buildID: 20250130195129, moz:geckodriverVersion: 0.35.0, moz:headless: false, moz:platformVersion: 10.0, moz:processID: 11272, moz:profile: C:\Users\maria\AppData\Loca..., moz:shutdownTimeout: 60000, moz:webdriverClick: true, moz:windowless: false, pageLoadStrategy: normal, platformName: WINDOWS, proxy: Proxy(), setWindowRect: true, strictFileInteractability: false, timeouts: {implicit: 0, pageLoad: 300000, script: 30000}, unhandledPromptBehavior: dismiss and notify, userAgent: Mozilla/5.0 (Windows NT 10....}
Element: [[FirefoxDriver: firefox on WINDOWS (7c73a005-df1c-4009-b2f1-0b4524eaee5c)] -&gt; xpath: //a[contains(text(),'Register')]]
Session ID: 7c73a005-df1c-4009-b2f1-0b4524eaee5c&#13;
yourStoreWeb.task.Register.performAs(Register.java:43)&#13;
yourStoreWeb.stepdefinitions.YourStoreWebStepdefinitions.iFillInTheRegistrationFormWithFirstNameLastNameEmailTelephonePasswordConfirmPasswordAndSaveTheRegister(YourStoreWebStepdefinitions.java:44)&#13;
io.cucumber.java.Invoker.doInvoke(Invoker.java:66)&#13;
io.cucumber.java.Invoker.invoke(Invoker.java:24)&#13;
io.cucumber.java.AbstractGlueDefinition.invokeMethod(AbstractGlueDefinition.java:47)&#13;
io.cucumber.java.JavaStepDefinition.execute(JavaStepDefinition.java:29)&#13;
io.cucumber.core.runner.CoreStepDefinition.execute(CoreStepDefinition.java:66)&#13;
io.cucumber.core.runner.PickleStepDefinitionMatch.runStep(PickleStepDefinitionMatch.java:63)&#13;
io.cucumber.core.runner.TestStep.executeStep(TestStep.java:84)&#13;
io.cucumber.core.runner.TestStep.run(TestStep.java:56)&#13;
io.cucumber.core.runner.PickleStepTestStep.run(PickleStepTestStep.java:51)&#13;
io.cucumber.core.runner.TestCase.run(TestCase.java:84)&#13;
io.cucumber.core.runner.Runner.runPickle(Runner.java:75)&#13;
io.cucumber.core.runtime.CucumberExecutionContext.lambda$runTestCase$5(CucumberExecutionContext.java:130)&#13;
io.cucumber.core.runtime.RethrowingThrowableCollector.executeAndThrow(RethrowingThrowableCollector.java:23)&#13;
io.cucumber.core.runtime.CucumberExecutionContext.runTestCase(CucumberExecutionContext.java:130)&#13;
io.cucumber.junit.FeatureRunner.runChild(FeatureRunner.java:144)&#13;
io.cucumber.junit.FeatureRunner.runChild(FeatureRunner.java:28)&#13;
io.cucumber.junit.FeatureRunner.run(FeatureRunner.java:137)&#13;
io.cucumber.junit.CucumberSerenityRunner.runChild(CucumberSerenityRunner.java:259)&#13;
io.cucumber.junit.CucumberSerenityRunner.runChild(CucumberSerenityRunner.java:59)&#13;
worker.org.gradle.process.internal.worker.GradleWorkerMain.run(GradleWorkerMain.java:69)&#13;
worker.org.gradle.process.internal.worker.GradleWorkerMain.main(GradleWorkerMain.java:74)&#13;
</system-err></testcase></testsuite>